<?xml version="1.0" encoding="UTF-8"?>
<!-- Generated by org.testng.reporters.JUnitReportReporter -->
<testsuite hostname="DESKTOP-QGOTCE9" failures="0" tests="1" name="scripts.tc1" time="0.005" errors="0" timestamp="2022-12-29T19:13:31 IST" skipped="0">
  <testcase classname="scripts.tc1" name="Demo" time="0.005"/>
  <system-out>
    <![CDATA[hello java]]>
  </system-out>
</testsuite> <!-- scripts.tc1 -->
