<?xml version="1.0" encoding="UTF-8"?>
<!-- Generated by org.testng.reporters.JUnitReportReporter -->
<testsuite hostname="DESKTOP-QGOTCE9" failures="0" tests="1" name="scripts.tc4" time="0.004" errors="0" timestamp="2022-12-29T19:13:31 IST" skipped="0">
  <testcase classname="scripts.tc4" name="demo" time="0.004"/>
  <system-out>
    <![CDATA[pythonselenium]]>
  </system-out>
</testsuite> <!-- scripts.tc4 -->
